This file contains any messages produced by compilers while
running configure, to aid debugging if configure makes a mistake.

It was created by fast-ant configure 0.4.3, which was
generated by GNU Autoconf 2.69.  Invocation command line was

  $ ./configure --host=arm-xilinx-linux-gnueabi

## --------- ##
## Platform. ##
## --------- ##

hostname = localhost.localdomain
uname -m = x86_64
uname -r = 3.10.0-862.9.1.el7.x86_64
uname -s = Linux
uname -v = #1 SMP Mon Jul 16 16:29:36 UTC 2018

/usr/bin/uname -p = x86_64
/bin/uname -X     = unknown

/bin/arch              = x86_64
/usr/bin/arch -k       = unknown
/usr/convex/getsysinfo = unknown
/usr/bin/hostinfo      = unknown
/bin/machine           = unknown
/usr/bin/oslevel       = unknown
/bin/universe          = unknown

PATH: /usr/local/bin
PATH: /usr/local/sbin
PATH: /usr/bin
PATH: /usr/sbin
PATH: /bin
PATH: /sbin
PATH: /home/dwinters/.local/bin
PATH: /home/dwinters/bin
PATH: /root/CodeSourcery/Sourcery_CodeBench_Lite_for_Xilinx_GNU_Linux/bin


## ----------- ##
## Core tests. ##
## ----------- ##

configure:2159: checking for a BSD-compatible install
configure:2227: result: /usr/bin/install -c
configure:2238: checking whether build environment is sane
configure:2293: result: yes
configure:2352: checking for arm-xilinx-linux-gnueabi-strip
configure:2368: found /root/CodeSourcery/Sourcery_CodeBench_Lite_for_Xilinx_GNU_Linux/bin/arm-xilinx-linux-gnueabi-strip
configure:2379: result: arm-xilinx-linux-gnueabi-strip
configure:2444: checking for a thread-safe mkdir -p
configure:2483: result: /usr/bin/mkdir -p
configure:2490: checking for gawk
configure:2506: found /usr/bin/gawk
configure:2517: result: gawk
configure:2528: checking whether make sets $(MAKE)
configure:2550: result: yes
configure:2579: checking whether make supports nested variables
configure:2596: result: yes
configure:2692: checking whether make supports nested variables
configure:2709: result: yes
configure:2729: checking for arm-xilinx-linux-gnueabi-gcc
configure:2745: found /root/CodeSourcery/Sourcery_CodeBench_Lite_for_Xilinx_GNU_Linux/bin/arm-xilinx-linux-gnueabi-gcc
configure:2756: result: arm-xilinx-linux-gnueabi-gcc
configure:3025: checking for C compiler version
configure:3034: arm-xilinx-linux-gnueabi-gcc --version >&5
arm-xilinx-linux-gnueabi-gcc (Sourcery CodeBench Lite 2011.09-50) 4.6.1
Copyright (C) 2011 Free Software Foundation, Inc.
This is free software; see the source for copying conditions.  There is NO
warranty; not even for MERCHANTABILITY or FITNESS FOR A PARTICULAR PURPOSE.

configure:3045: $? = 0
configure:3034: arm-xilinx-linux-gnueabi-gcc -v >&5
Using built-in specs.
COLLECT_GCC=arm-xilinx-linux-gnueabi-gcc
COLLECT_LTO_WRAPPER=/root/CodeSourcery/Sourcery_CodeBench_Lite_for_Xilinx_GNU_Linux/bin/../libexec/gcc/arm-xilinx-linux-gnueabi/4.6.1/lto-wrapper
Target: arm-xilinx-linux-gnueabi
Configured with: /scratch/janisjo/2011.09-xilinx-linux/src/gcc-4.6-2011.09/configure --build=i686-pc-linux-gnu --host=i686-pc-linux-gnu --target=arm-xilinx-linux-gnueabi --enable-threads --disable-libmudflap --disable-libssp --disable-libstdcxx-pch --enable-extra-sgxxlite-multilibs --with-arch=armv5te --with-cpu=cortex-a9 --with-float=softfp --with-fpu=neon-fp16 --disable-multilib --with-gnu-as --with-gnu-ld --with-specs='%{save-temps: -fverbose-asm} %{funwind-tables|fno-unwind-tables|mabi=*|ffreestanding|nostdlib:;:-funwind-tables} -D__CS_SOURCERYGXX_MAJ__=2011 -D__CS_SOURCERYGXX_MIN__=9 -D__CS_SOURCERYGXX_REV__=50 %{O2:%{!fno-remove-local-statics: -fremove-local-statics}} %{O*:%{O|O0|O1|O2|Os:;:%{!fno-remove-local-statics: -fremove-local-statics}}}' --enable-languages=c,c++ --enable-shared --enable-lto --enable-symvers=gnu --enable-__cxa_atexit --with-pkgversion='Sourcery CodeBench Lite 2011.09-50' --with-bugurl=https://support.codesourcery.com/GNUToolchain/ --disable-nls --prefix=/opt/codesourcery --with-sysroot=/opt/codesourcery/arm-xilinx-linux-gnueabi/libc --with-build-sysroot=/scratch/janisjo/2011.09-xilinx-linux/install/arm-xilinx-linux-gnueabi/libc --with-gmp=/scratch/janisjo/2011.09-xilinx-linux/obj/host-libs-2011.09-50-arm-xilinx-linux-gnueabi-i686-pc-linux-gnu/usr --with-mpfr=/scratch/janisjo/2011.09-xilinx-linux/obj/host-libs-2011.09-50-arm-xilinx-linux-gnueabi-i686-pc-linux-gnu/usr --with-mpc=/scratch/janisjo/2011.09-xilinx-linux/obj/host-libs-2011.09-50-arm-xilinx-linux-gnueabi-i686-pc-linux-gnu/usr --with-ppl=/scratch/janisjo/2011.09-xilinx-linux/obj/host-libs-2011.09-50-arm-xilinx-linux-gnueabi-i686-pc-linux-gnu/usr --with-host-libstdcxx='-static-libgcc -Wl,-Bstatic,-lstdc++,-Bdynamic -lm' --with-cloog=/scratch/janisjo/2011.09-xilinx-linux/obj/host-libs-2011.09-50-arm-xilinx-linux-gnueabi-i686-pc-linux-gnu/usr --with-libelf=/scratch/janisjo/2011.09-xilinx-linux/obj/host-libs-2011.09-50-arm-xilinx-linux-gnueabi-i686-pc-linux-gnu/usr --disable-libgomp --enable-poison-system-directories --with-build-time-tools=/scratch/janisjo/2011.09-xilinx-linux/install/arm-xilinx-linux-gnueabi/bin --with-build-time-tools=/scratch/janisjo/2011.09-xilinx-linux/install/arm-xilinx-linux-gnueabi/bin
Thread model: posix
gcc version 4.6.1 (Sourcery CodeBench Lite 2011.09-50) 
configure:3045: $? = 0
configure:3034: arm-xilinx-linux-gnueabi-gcc -V >&5
arm-xilinx-linux-gnueabi-gcc: error: unrecognized option '-V'
arm-xilinx-linux-gnueabi-gcc: fatal error: no input files
compilation terminated.
configure:3045: $? = 1
configure:3034: arm-xilinx-linux-gnueabi-gcc -qversion >&5
arm-xilinx-linux-gnueabi-gcc: error: unrecognized option '-qversion'
arm-xilinx-linux-gnueabi-gcc: fatal error: no input files
compilation terminated.
configure:3045: $? = 1
configure:3065: checking whether the C compiler works
configure:3087: arm-xilinx-linux-gnueabi-gcc    conftest.c  >&5
configure:3091: $? = 0
configure:3139: result: yes
configure:3142: checking for C compiler default output file name
configure:3144: result: a.out
configure:3150: checking for suffix of executables
configure:3157: arm-xilinx-linux-gnueabi-gcc -o conftest    conftest.c  >&5
configure:3161: $? = 0
configure:3183: result: 
configure:3205: checking whether we are cross compiling
configure:3213: arm-xilinx-linux-gnueabi-gcc -o conftest    conftest.c  >&5
configure:3217: $? = 0
configure:3224: ./conftest
./configure: line 3226: ./conftest: cannot execute binary file
configure:3228: $? = 126
configure:3243: result: yes
configure:3248: checking for suffix of object files
configure:3270: arm-xilinx-linux-gnueabi-gcc -c   conftest.c >&5
configure:3274: $? = 0
configure:3295: result: o
configure:3299: checking whether we are using the GNU C compiler
configure:3318: arm-xilinx-linux-gnueabi-gcc -c   conftest.c >&5
configure:3318: $? = 0
configure:3327: result: yes
configure:3336: checking whether arm-xilinx-linux-gnueabi-gcc accepts -g
configure:3356: arm-xilinx-linux-gnueabi-gcc -c -g  conftest.c >&5
configure:3356: $? = 0
configure:3397: result: yes
configure:3414: checking for arm-xilinx-linux-gnueabi-gcc option to accept ISO C89
configure:3477: arm-xilinx-linux-gnueabi-gcc  -c -g -O2  conftest.c >&5
configure:3477: $? = 0
configure:3490: result: none needed
configure:3521: checking for style of include used by make
configure:3549: result: GNU
configure:3575: checking dependency style of arm-xilinx-linux-gnueabi-gcc
configure:3686: result: gcc3
configure:3738: checking build system type
configure:3752: result: x86_64-unknown-linux-gnu
configure:3772: checking host system type
configure:3785: result: arm-xilinx-linux-gnueabi
configure:3826: checking how to print strings
configure:3853: result: printf
configure:3874: checking for a sed that does not truncate output
configure:3938: result: /usr/bin/sed
configure:3956: checking for grep that handles long lines and -e
configure:4014: result: /usr/bin/grep
configure:4019: checking for egrep
configure:4081: result: /usr/bin/grep -E
configure:4086: checking for fgrep
configure:4148: result: /usr/bin/grep -F
configure:4183: checking for ld used by arm-xilinx-linux-gnueabi-gcc
configure:4250: result: /root/CodeSourcery/Sourcery_CodeBench_Lite_for_Xilinx_GNU_Linux/arm-xilinx-linux-gnueabi/bin/ld
configure:4257: checking if the linker (/root/CodeSourcery/Sourcery_CodeBench_Lite_for_Xilinx_GNU_Linux/arm-xilinx-linux-gnueabi/bin/ld) is GNU ld
configure:4272: result: yes
configure:4284: checking for BSD- or MS-compatible name lister (nm)
configure:4333: result: /root/CodeSourcery/Sourcery_CodeBench_Lite_for_Xilinx_GNU_Linux/bin/arm-xilinx-linux-gnueabi-nm -B
configure:4463: checking the name lister (/root/CodeSourcery/Sourcery_CodeBench_Lite_for_Xilinx_GNU_Linux/bin/arm-xilinx-linux-gnueabi-nm -B) interface
configure:4470: arm-xilinx-linux-gnueabi-gcc -c -g -O2  conftest.c >&5
configure:4473: /root/CodeSourcery/Sourcery_CodeBench_Lite_for_Xilinx_GNU_Linux/bin/arm-xilinx-linux-gnueabi-nm -B "conftest.o"
configure:4476: output
00000000 B some_variable
configure:4483: result: BSD nm
configure:4486: checking whether ln -s works
configure:4490: result: yes
configure:4498: checking the maximum length of command line arguments
configure:4628: result: 1572864
configure:4645: checking whether the shell understands some XSI constructs
configure:4655: result: yes
configure:4659: checking whether the shell understands "+="
configure:4665: result: yes
configure:4700: checking how to convert x86_64-unknown-linux-gnu file names to arm-xilinx-linux-gnueabi format
configure:4740: result: func_convert_file_noop
configure:4747: checking how to convert x86_64-unknown-linux-gnu file names to toolchain format
configure:4767: result: func_convert_file_noop
configure:4774: checking for /root/CodeSourcery/Sourcery_CodeBench_Lite_for_Xilinx_GNU_Linux/arm-xilinx-linux-gnueabi/bin/ld option to reload object files
configure:4781: result: -r
configure:4815: checking for arm-xilinx-linux-gnueabi-objdump
configure:4831: found /root/CodeSourcery/Sourcery_CodeBench_Lite_for_Xilinx_GNU_Linux/bin/arm-xilinx-linux-gnueabi-objdump
configure:4842: result: arm-xilinx-linux-gnueabi-objdump
configure:4914: checking how to recognize dependent libraries
configure:5116: result: pass_all
configure:5161: checking for arm-xilinx-linux-gnueabi-dlltool
configure:5191: result: no
configure:5201: checking for dlltool
configure:5231: result: no
configure:5261: checking how to associate runtime and link libraries
configure:5288: result: printf %s\n
configure:5305: checking for arm-xilinx-linux-gnueabi-ar
configure:5321: found /root/CodeSourcery/Sourcery_CodeBench_Lite_for_Xilinx_GNU_Linux/bin/arm-xilinx-linux-gnueabi-ar
configure:5332: result: arm-xilinx-linux-gnueabi-ar
configure:5413: checking for archiver @FILE support
configure:5430: arm-xilinx-linux-gnueabi-gcc -c -g -O2  conftest.c >&5
configure:5430: $? = 0
configure:5433: arm-xilinx-linux-gnueabi-ar cru libconftest.a @conftest.lst >&5
configure:5436: $? = 0
configure:5441: arm-xilinx-linux-gnueabi-ar cru libconftest.a @conftest.lst >&5
arm-xilinx-linux-gnueabi-ar: conftest.o: No such file or directory
configure:5444: $? = 1
configure:5456: result: @
configure:5474: checking for arm-xilinx-linux-gnueabi-strip
configure:5501: result: arm-xilinx-linux-gnueabi-strip
configure:5573: checking for arm-xilinx-linux-gnueabi-ranlib
configure:5589: found /root/CodeSourcery/Sourcery_CodeBench_Lite_for_Xilinx_GNU_Linux/bin/arm-xilinx-linux-gnueabi-ranlib
configure:5600: result: arm-xilinx-linux-gnueabi-ranlib
configure:5742: checking command to parse /root/CodeSourcery/Sourcery_CodeBench_Lite_for_Xilinx_GNU_Linux/bin/arm-xilinx-linux-gnueabi-nm -B output from arm-xilinx-linux-gnueabi-gcc object
configure:5862: arm-xilinx-linux-gnueabi-gcc -c -g -O2  conftest.c >&5
configure:5865: $? = 0
configure:5869: /root/CodeSourcery/Sourcery_CodeBench_Lite_for_Xilinx_GNU_Linux/bin/arm-xilinx-linux-gnueabi-nm -B conftest.o \| sed -n -e 's/^.*[ ]\([ABCDGIRSTW][ABCDGIRSTW]*\)[ ][ ]*\([_A-Za-z][_A-Za-z0-9]*\)$/\1 \2 \2/p' | sed '/ __gnu_lto/d' \> conftest.nm
configure:5872: $? = 0
configure:5938: arm-xilinx-linux-gnueabi-gcc -o conftest -g -O2   conftest.c conftstm.o >&5
configure:5941: $? = 0
configure:5979: result: ok
configure:6016: checking for sysroot
configure:6046: result: no
configure:6262: checking for arm-xilinx-linux-gnueabi-mt
configure:6292: result: no
configure:6302: checking for mt
configure:6332: result: no
configure:6352: checking if : is a manifest tool
configure:6358: : '-?'
configure:6366: result: no
configure:7008: checking how to run the C preprocessor
configure:7039: arm-xilinx-linux-gnueabi-gcc -E  conftest.c
configure:7039: $? = 0
configure:7053: arm-xilinx-linux-gnueabi-gcc -E  conftest.c
conftest.c:11:28: fatal error: ac_nonexistent.h: No such file or directory
compilation terminated.
configure:7053: $? = 1
configure: failed program was:
| /* confdefs.h */
| #define PACKAGE_NAME "fast-ant"
| #define PACKAGE_TARNAME "fast-ant"
| #define PACKAGE_VERSION "0.4.3"
| #define PACKAGE_STRING "fast-ant 0.4.3"
| #define PACKAGE_BUGREPORT ""
| #define PACKAGE_URL ""
| #define PACKAGE "fast-ant"
| #define VERSION "0.4.3"
| /* end confdefs.h.  */
| #include <ac_nonexistent.h>
configure:7078: result: arm-xilinx-linux-gnueabi-gcc -E
configure:7098: arm-xilinx-linux-gnueabi-gcc -E  conftest.c
configure:7098: $? = 0
configure:7112: arm-xilinx-linux-gnueabi-gcc -E  conftest.c
conftest.c:11:28: fatal error: ac_nonexistent.h: No such file or directory
compilation terminated.
configure:7112: $? = 1
configure: failed program was:
| /* confdefs.h */
| #define PACKAGE_NAME "fast-ant"
| #define PACKAGE_TARNAME "fast-ant"
| #define PACKAGE_VERSION "0.4.3"
| #define PACKAGE_STRING "fast-ant 0.4.3"
| #define PACKAGE_BUGREPORT ""
| #define PACKAGE_URL ""
| #define PACKAGE "fast-ant"
| #define VERSION "0.4.3"
| /* end confdefs.h.  */
| #include <ac_nonexistent.h>
configure:7141: checking for ANSI C header files
configure:7161: arm-xilinx-linux-gnueabi-gcc -c -g -O2  conftest.c >&5
configure:7161: $? = 0
configure:7245: result: yes
configure:7258: checking for sys/types.h
configure:7258: arm-xilinx-linux-gnueabi-gcc -c -g -O2  conftest.c >&5
configure:7258: $? = 0
configure:7258: result: yes
configure:7258: checking for sys/stat.h
configure:7258: arm-xilinx-linux-gnueabi-gcc -c -g -O2  conftest.c >&5
configure:7258: $? = 0
configure:7258: result: yes
configure:7258: checking for stdlib.h
configure:7258: arm-xilinx-linux-gnueabi-gcc -c -g -O2  conftest.c >&5
configure:7258: $? = 0
configure:7258: result: yes
configure:7258: checking for string.h
configure:7258: arm-xilinx-linux-gnueabi-gcc -c -g -O2  conftest.c >&5
configure:7258: $? = 0
configure:7258: result: yes
configure:7258: checking for memory.h
configure:7258: arm-xilinx-linux-gnueabi-gcc -c -g -O2  conftest.c >&5
configure:7258: $? = 0
configure:7258: result: yes
configure:7258: checking for strings.h
configure:7258: arm-xilinx-linux-gnueabi-gcc -c -g -O2  conftest.c >&5
configure:7258: $? = 0
configure:7258: result: yes
configure:7258: checking for inttypes.h
configure:7258: arm-xilinx-linux-gnueabi-gcc -c -g -O2  conftest.c >&5
configure:7258: $? = 0
configure:7258: result: yes
configure:7258: checking for stdint.h
configure:7258: arm-xilinx-linux-gnueabi-gcc -c -g -O2  conftest.c >&5
configure:7258: $? = 0
configure:7258: result: yes
configure:7258: checking for unistd.h
configure:7258: arm-xilinx-linux-gnueabi-gcc -c -g -O2  conftest.c >&5
configure:7258: $? = 0
configure:7258: result: yes
configure:7272: checking for dlfcn.h
configure:7272: arm-xilinx-linux-gnueabi-gcc -c -g -O2  conftest.c >&5
configure:7272: $? = 0
configure:7272: result: yes
configure:7478: checking for objdir
configure:7493: result: .libs
configure:7760: checking if arm-xilinx-linux-gnueabi-gcc supports -fno-rtti -fno-exceptions
configure:7778: arm-xilinx-linux-gnueabi-gcc -c -g -O2  -fno-rtti -fno-exceptions conftest.c >&5
cc1: warning: command line option '-fno-rtti' is valid for C++/ObjC++ but not for C [enabled by default]
configure:7782: $? = 0
configure:7795: result: no
configure:8122: checking for arm-xilinx-linux-gnueabi-gcc option to produce PIC
configure:8129: result: -fPIC -DPIC
configure:8137: checking if arm-xilinx-linux-gnueabi-gcc PIC flag -fPIC -DPIC works
configure:8155: arm-xilinx-linux-gnueabi-gcc -c -g -O2  -fPIC -DPIC -DPIC conftest.c >&5
configure:8159: $? = 0
configure:8172: result: yes
configure:8201: checking if arm-xilinx-linux-gnueabi-gcc static flag -static works
configure:8229: result: yes
configure:8244: checking if arm-xilinx-linux-gnueabi-gcc supports -c -o file.o
configure:8265: arm-xilinx-linux-gnueabi-gcc -c -g -O2  -o out/conftest2.o conftest.c >&5
configure:8269: $? = 0
configure:8291: result: yes
configure:8299: checking if arm-xilinx-linux-gnueabi-gcc supports -c -o file.o
configure:8346: result: yes
configure:8379: checking whether the arm-xilinx-linux-gnueabi-gcc linker (/root/CodeSourcery/Sourcery_CodeBench_Lite_for_Xilinx_GNU_Linux/arm-xilinx-linux-gnueabi/bin/ld) supports shared libraries
configure:9532: result: yes
configure:9569: checking whether -lc should be explicitly linked in
configure:9577: arm-xilinx-linux-gnueabi-gcc -c -g -O2  conftest.c >&5
configure:9580: $? = 0
configure:9595: arm-xilinx-linux-gnueabi-gcc -shared  -fPIC -DPIC conftest.o  -v -Wl,-soname -Wl,conftest -o conftest 2\>\&1 \| /usr/bin/grep  -lc  \>/dev/null 2\>\&1
configure:9598: $? = 0
configure:9612: result: no
configure:9772: checking dynamic linker characteristics
configure:10283: arm-xilinx-linux-gnueabi-gcc -o conftest -g -O2   -Wl,-rpath -Wl,/foo conftest.c  >&5
configure:10283: $? = 0
configure:10509: result: GNU/Linux ld.so
configure:10616: checking how to hardcode library paths into programs
configure:10641: result: immediate
configure:11181: checking whether stripping libraries is possible
configure:11186: result: yes
configure:11221: checking if libtool supports shared libraries
configure:11223: result: yes
configure:11226: checking whether to build shared libraries
configure:11247: result: yes
configure:11250: checking whether to build static libraries
configure:11254: result: yes
configure:11407: checking that generated files are newer than configure
configure:11413: result: done
configure:11436: creating ./config.status

## ---------------------- ##
## Running config.status. ##
## ---------------------- ##

This file was extended by fast-ant config.status 0.4.3, which was
generated by GNU Autoconf 2.69.  Invocation command line was

  CONFIG_FILES    = 
  CONFIG_HEADERS  = 
  CONFIG_LINKS    = 
  CONFIG_COMMANDS = 
  $ ./config.status 

on localhost.localdomain

config.status:1104: creating Makefile
config.status:1104: creating src/Makefile
config.status:1104: creating include/Makefile
config.status:1104: creating lib/Makefile
config.status:1104: creating app/Makefile
config.status:1104: creating tools/Makefile
config.status:1104: creating lib/libreg/Makefile
config.status:1104: creating lib/librule/Makefile
config.status:1104: creating lib/libua/Makefile
config.status:1104: creating lib/libofp/Makefile
config.status:1104: creating lib/libams/Makefile
config.status:1104: creating lib/libant/Makefile
config.status:1104: creating app/l2switch/Makefile
config.status:1104: creating app/openflow/Makefile
config.status:1104: creating app/ams/Makefile
config.status:1104: creating app/ant/Makefile
config.status:1104: creating tools/debug/Makefile
config.status:1104: creating tools/reg_rw/Makefile
config.status:1104: creating tools/rule_rw/Makefile
config.status:1104: creating tools/port_counts/Makefile
config.status:1104: creating tools/port_status/Makefile
config.status:1104: creating tools/ctl_rw/Makefile
config.status:1104: creating tools/mem_rw/Makefile
config.status:1104: creating tools/version/Makefile
config.status:1104: creating tools/ua_fwd/Makefile
config.status:1104: creating config.h
config.status:1333: executing depfiles commands
config.status:1333: executing libtool commands

## ---------------- ##
## Cache variables. ##
## ---------------- ##

ac_cv_build=x86_64-unknown-linux-gnu
ac_cv_c_compiler_gnu=yes
ac_cv_env_CC_set=
ac_cv_env_CC_value=
ac_cv_env_CFLAGS_set=
ac_cv_env_CFLAGS_value=
ac_cv_env_CPPFLAGS_set=
ac_cv_env_CPPFLAGS_value=
ac_cv_env_CPP_set=
ac_cv_env_CPP_value=
ac_cv_env_LDFLAGS_set=
ac_cv_env_LDFLAGS_value=
ac_cv_env_LIBS_set=
ac_cv_env_LIBS_value=
ac_cv_env_build_alias_set=
ac_cv_env_build_alias_value=
ac_cv_env_host_alias_set=set
ac_cv_env_host_alias_value=arm-xilinx-linux-gnueabi
ac_cv_env_target_alias_set=
ac_cv_env_target_alias_value=
ac_cv_header_dlfcn_h=yes
ac_cv_header_inttypes_h=yes
ac_cv_header_memory_h=yes
ac_cv_header_stdc=yes
ac_cv_header_stdint_h=yes
ac_cv_header_stdlib_h=yes
ac_cv_header_string_h=yes
ac_cv_header_strings_h=yes
ac_cv_header_sys_stat_h=yes
ac_cv_header_sys_types_h=yes
ac_cv_header_unistd_h=yes
ac_cv_host=arm-xilinx-linux-gnueabi
ac_cv_objext=o
ac_cv_path_EGREP='/usr/bin/grep -E'
ac_cv_path_FGREP='/usr/bin/grep -F'
ac_cv_path_GREP=/usr/bin/grep
ac_cv_path_SED=/usr/bin/sed
ac_cv_path_install='/usr/bin/install -c'
ac_cv_path_mkdir=/usr/bin/mkdir
ac_cv_prog_AR=arm-xilinx-linux-gnueabi-ar
ac_cv_prog_AWK=gawk
ac_cv_prog_CC=arm-xilinx-linux-gnueabi-gcc
ac_cv_prog_CPP='arm-xilinx-linux-gnueabi-gcc -E'
ac_cv_prog_OBJDUMP=arm-xilinx-linux-gnueabi-objdump
ac_cv_prog_RANLIB=arm-xilinx-linux-gnueabi-ranlib
ac_cv_prog_STRIP=arm-xilinx-linux-gnueabi-strip
ac_cv_prog_cc_c89=
ac_cv_prog_cc_g=yes
ac_cv_prog_make_make_set=yes
am_cv_CC_dependencies_compiler_type=gcc3
am_cv_make_support_nested_variables=yes
lt_cv_ar_at_file=@
lt_cv_archive_cmds_need_lc=no
lt_cv_deplibs_check_method=pass_all
lt_cv_file_magic_cmd='$MAGIC_CMD'
lt_cv_file_magic_test_file=
lt_cv_ld_reload_flag=-r
lt_cv_nm_interface='BSD nm'
lt_cv_objdir=.libs
lt_cv_path_LD=/root/CodeSourcery/Sourcery_CodeBench_Lite_for_Xilinx_GNU_Linux/arm-xilinx-linux-gnueabi/bin/ld
lt_cv_path_NM='/root/CodeSourcery/Sourcery_CodeBench_Lite_for_Xilinx_GNU_Linux/bin/arm-xilinx-linux-gnueabi-nm -B'
lt_cv_path_mainfest_tool=no
lt_cv_prog_compiler_c_o=yes
lt_cv_prog_compiler_pic='-fPIC -DPIC'
lt_cv_prog_compiler_pic_works=yes
lt_cv_prog_compiler_rtti_exceptions=no
lt_cv_prog_compiler_static_works=yes
lt_cv_prog_gnu_ld=yes
lt_cv_sharedlib_from_linklib_cmd='printf %s\n'
lt_cv_shlibpath_overrides_runpath=no
lt_cv_sys_global_symbol_pipe='sed -n -e '\''s/^.*[	 ]\([ABCDGIRSTW][ABCDGIRSTW]*\)[	 ][	 ]*\([_A-Za-z][_A-Za-z0-9]*\)$/\1 \2 \2/p'\'' | sed '\''/ __gnu_lto/d'\'''
lt_cv_sys_global_symbol_to_c_name_address='sed -n -e '\''s/^: \([^ ]*\)[ ]*$/  {\"\1\", (void *) 0},/p'\'' -e '\''s/^[ABCDGIRSTW]* \([^ ]*\) \([^ ]*\)$/  {"\2", (void *) \&\2},/p'\'''
lt_cv_sys_global_symbol_to_c_name_address_lib_prefix='sed -n -e '\''s/^: \([^ ]*\)[ ]*$/  {\"\1\", (void *) 0},/p'\'' -e '\''s/^[ABCDGIRSTW]* \([^ ]*\) \(lib[^ ]*\)$/  {"\2", (void *) \&\2},/p'\'' -e '\''s/^[ABCDGIRSTW]* \([^ ]*\) \([^ ]*\)$/  {"lib\2", (void *) \&\2},/p'\'''
lt_cv_sys_global_symbol_to_cdecl='sed -n -e '\''s/^T .* \(.*\)$/extern int \1();/p'\'' -e '\''s/^[ABCDGIRSTW]* .* \(.*\)$/extern char \1;/p'\'''
lt_cv_sys_max_cmd_len=1572864
lt_cv_to_host_file_cmd=func_convert_file_noop
lt_cv_to_tool_file_cmd=func_convert_file_noop

## ----------------- ##
## Output variables. ##
## ----------------- ##

ACLOCAL='${SHELL} /home/dwinters/fast-ant/missing aclocal-1.13'
AMDEPBACKSLASH='\'
AMDEP_FALSE='#'
AMDEP_TRUE=''
AMTAR='$${TAR-tar}'
AM_BACKSLASH='\'
AM_DEFAULT_V='$(AM_DEFAULT_VERBOSITY)'
AM_DEFAULT_VERBOSITY='0'
AM_V='$(V)'
AR='arm-xilinx-linux-gnueabi-ar'
AUTOCONF='${SHELL} /home/dwinters/fast-ant/missing autoconf'
AUTOHEADER='${SHELL} /home/dwinters/fast-ant/missing autoheader'
AUTOMAKE='${SHELL} /home/dwinters/fast-ant/missing automake-1.13'
AWK='gawk'
CC='arm-xilinx-linux-gnueabi-gcc'
CCDEPMODE='depmode=gcc3'
CFLAGS='-g -O2'
CPP='arm-xilinx-linux-gnueabi-gcc -E'
CPPFLAGS=''
CYGPATH_W='echo'
DEFS='-DHAVE_CONFIG_H'
DEPDIR='.deps'
DLLTOOL='false'
DSYMUTIL=''
DUMPBIN=''
ECHO_C=''
ECHO_N='-n'
ECHO_T=''
EGREP='/usr/bin/grep -E'
EXEEXT=''
FGREP='/usr/bin/grep -F'
GREP='/usr/bin/grep'
INSTALL_DATA='${INSTALL} -m 644'
INSTALL_PROGRAM='${INSTALL}'
INSTALL_SCRIPT='${INSTALL}'
INSTALL_STRIP_PROGRAM='$(install_sh) -c -s'
LD='/root/CodeSourcery/Sourcery_CodeBench_Lite_for_Xilinx_GNU_Linux/arm-xilinx-linux-gnueabi/bin/ld'
LDFLAGS=''
LIBOBJS=''
LIBS=''
LIBTOOL='$(SHELL) $(top_builddir)/libtool'
LIPO=''
LN_S='ln -s'
LTLIBOBJS=''
MAKEINFO='${SHELL} /home/dwinters/fast-ant/missing makeinfo'
MANIFEST_TOOL=':'
MKDIR_P='/usr/bin/mkdir -p'
NM='/root/CodeSourcery/Sourcery_CodeBench_Lite_for_Xilinx_GNU_Linux/bin/arm-xilinx-linux-gnueabi-nm -B'
NMEDIT=''
OBJDUMP='arm-xilinx-linux-gnueabi-objdump'
OBJEXT='o'
OTOOL64=''
OTOOL=''
PACKAGE='fast-ant'
PACKAGE_BUGREPORT=''
PACKAGE_NAME='fast-ant'
PACKAGE_STRING='fast-ant 0.4.3'
PACKAGE_TARNAME='fast-ant'
PACKAGE_URL=''
PACKAGE_VERSION='0.4.3'
PATH_SEPARATOR=':'
RANLIB='arm-xilinx-linux-gnueabi-ranlib'
SED='/usr/bin/sed'
SET_MAKE=''
SHELL='/bin/sh'
STRIP='arm-xilinx-linux-gnueabi-strip'
VERSION='0.4.3'
ac_ct_AR=''
ac_ct_CC=''
ac_ct_DUMPBIN=''
am__EXEEXT_FALSE=''
am__EXEEXT_TRUE='#'
am__fastdepCC_FALSE='#'
am__fastdepCC_TRUE=''
am__include='include'
am__isrc=''
am__leading_dot='.'
am__nodep='_no'
am__quote=''
am__tar='$${TAR-tar} chof - "$$tardir"'
am__untar='$${TAR-tar} xf -'
bindir='${exec_prefix}/bin'
build='x86_64-unknown-linux-gnu'
build_alias=''
build_cpu='x86_64'
build_os='linux-gnu'
build_vendor='unknown'
datadir='${datarootdir}'
datarootdir='${prefix}/share'
docdir='${datarootdir}/doc/${PACKAGE_TARNAME}'
dvidir='${docdir}'
exec_prefix='${prefix}'
host='arm-xilinx-linux-gnueabi'
host_alias='arm-xilinx-linux-gnueabi'
host_cpu='arm'
host_os='linux-gnueabi'
host_vendor='xilinx'
htmldir='${docdir}'
includedir='${prefix}/include'
infodir='${datarootdir}/info'
install_sh='${SHELL} /home/dwinters/fast-ant/install-sh'
libdir='${exec_prefix}/lib'
libexecdir='${exec_prefix}/libexec'
localedir='${datarootdir}/locale'
localstatedir='${prefix}/var'
mandir='${datarootdir}/man'
mkdir_p='$(MKDIR_P)'
oldincludedir='/usr/include'
pdfdir='${docdir}'
prefix='/usr/local'
program_transform_name='s,x,x,'
psdir='${docdir}'
sbindir='${exec_prefix}/sbin'
sharedstatedir='${prefix}/com'
sysconfdir='${prefix}/etc'
target_alias=''

## ----------- ##
## confdefs.h. ##
## ----------- ##

/* confdefs.h */
#define PACKAGE_NAME "fast-ant"
#define PACKAGE_TARNAME "fast-ant"
#define PACKAGE_VERSION "0.4.3"
#define PACKAGE_STRING "fast-ant 0.4.3"
#define PACKAGE_BUGREPORT ""
#define PACKAGE_URL ""
#define PACKAGE "fast-ant"
#define VERSION "0.4.3"
#define STDC_HEADERS 1
#define HAVE_SYS_TYPES_H 1
#define HAVE_SYS_STAT_H 1
#define HAVE_STDLIB_H 1
#define HAVE_STRING_H 1
#define HAVE_MEMORY_H 1
#define HAVE_STRINGS_H 1
#define HAVE_INTTYPES_H 1
#define HAVE_STDINT_H 1
#define HAVE_UNISTD_H 1
#define HAVE_DLFCN_H 1
#define LT_OBJDIR ".libs/"

configure: exit 0
